2024-07-13 13:53:48 0 [Note] Starting MariaDB 10.4.32-MariaDB source revision c4143f909528e3fab0677a28631d10389354c491 as process 7552
2024-07-13 13:53:48 0 [Note] InnoDB: Mutexes and rw_locks use Windows interlocked functions
2024-07-13 13:53:48 0 [Note] InnoDB: Uses event mutexes
2024-07-13 13:53:48 0 [Note] InnoDB: Compressed tables use zlib 1.3
2024-07-13 13:53:48 0 [Note] InnoDB: Number of pools: 1
2024-07-13 13:53:48 0 [Note] InnoDB: Using SSE2 crc32 instructions
2024-07-13 13:53:48 0 [Note] InnoDB: Initializing buffer pool, total size = 16M, instances = 1, chunk size = 16M
2024-07-13 13:53:48 0 [Note] InnoDB: Completed initialization of buffer pool
2024-07-13 13:53:48 0 [Note] InnoDB: Starting crash recovery from checkpoint LSN=300288
2024-07-13 13:53:48 0 [Note] InnoDB: 128 out of 128 rollback segments are active.
2024-07-13 13:53:48 0 [Note] InnoDB: Removed temporary tablespace data file: "ibtmp1"
2024-07-13 13:53:48 0 [Note] InnoDB: Creating shared tablespace for temporary tables
2024-07-13 13:53:48 0 [Note] InnoDB: Setting file '\xampp\mysql\data\ibtmp1' size to 12 MB. Physically writing the file full; Please wait ...
2024-07-13 13:53:48 0 [Note] InnoDB: File '\xampp\mysql\data\ibtmp1' size is now 12 MB.
2024-07-13 13:53:48 0 [Note] InnoDB: Waiting for purge to start
2024-07-13 13:53:49 0 [Note] InnoDB: 10.4.32 started; log sequence number 300297; transaction id 170
2024-07-13 13:53:49 0 [Note] InnoDB: Loading buffer pool(s) from C:\xampp\mysql\data\ib_buffer_pool
2024-07-13 13:53:49 0 [Note] Plugin 'FEEDBACK' is disabled.
2024-07-13 13:53:49 0 [Note] Server socket created on IP: '::'.
2024-07-13 13:54:17 0 [Note] Starting MariaDB 10.4.32-MariaDB source revision c4143f909528e3fab0677a28631d10389354c491 as process 24584
2024-07-13 13:54:17 0 [Note] InnoDB: Mutexes and rw_locks use Windows interlocked functions
2024-07-13 13:54:17 0 [Note] InnoDB: Uses event mutexes
2024-07-13 13:54:17 0 [Note] InnoDB: Compressed tables use zlib 1.3
2024-07-13 13:54:17 0 [Note] InnoDB: Number of pools: 1
2024-07-13 13:54:17 0 [Note] InnoDB: Using SSE2 crc32 instructions
2024-07-13 13:54:17 0 [Note] InnoDB: Initializing buffer pool, total size = 16M, instances = 1, chunk size = 16M
2024-07-13 13:54:17 0 [Note] InnoDB: Completed initialization of buffer pool
2024-07-13 13:54:17 0 [Note] InnoDB: Starting crash recovery from checkpoint LSN=300306
2024-07-13 13:54:18 0 [Note] InnoDB: 128 out of 128 rollback segments are active.
2024-07-13 13:54:18 0 [Note] InnoDB: Removed temporary tablespace data file: "ibtmp1"
2024-07-13 13:54:18 0 [Note] InnoDB: Creating shared tablespace for temporary tables
2024-07-13 13:54:18 0 [Note] InnoDB: Setting file '\xampp\mysql\data\ibtmp1' size to 12 MB. Physically writing the file full; Please wait ...
2024-07-13 13:54:18 0 [Note] InnoDB: File '\xampp\mysql\data\ibtmp1' size is now 12 MB.
2024-07-13 13:54:18 0 [Note] InnoDB: Waiting for purge to start
2024-07-13 13:54:18 0 [Note] InnoDB: 10.4.32 started; log sequence number 300315; transaction id 170
2024-07-13 13:54:18 0 [Note] InnoDB: Loading buffer pool(s) from C:\xampp\mysql\data\ib_buffer_pool
2024-07-13 13:54:18 0 [Note] Plugin 'FEEDBACK' is disabled.
2024-07-13 13:54:18 0 [Note] InnoDB: Buffer pool(s) load completed at 240713 13:54:18
2024-07-13 13:54:18 0 [Note] Server socket created on IP: '::'.
2024-07-13 13:55:13 0 [Note] Starting MariaDB 10.4.32-MariaDB source revision c4143f909528e3fab0677a28631d10389354c491 as process 25980
2024-07-13 13:55:13 0 [Note] InnoDB: Mutexes and rw_locks use Windows interlocked functions
2024-07-13 13:55:13 0 [Note] InnoDB: Uses event mutexes
2024-07-13 13:55:13 0 [Note] InnoDB: Compressed tables use zlib 1.3
2024-07-13 13:55:13 0 [Note] InnoDB: Number of pools: 1
2024-07-13 13:55:13 0 [Note] InnoDB: Using SSE2 crc32 instructions
2024-07-13 13:55:13 0 [Note] InnoDB: Initializing buffer pool, total size = 16M, instances = 1, chunk size = 16M
2024-07-13 13:55:13 0 [Note] InnoDB: Completed initialization of buffer pool
2024-07-13 13:55:14 0 [Note] InnoDB: Starting crash recovery from checkpoint LSN=300324
2024-07-13 13:55:14 0 [Note] InnoDB: 128 out of 128 rollback segments are active.
2024-07-13 13:55:14 0 [Note] InnoDB: Removed temporary tablespace data file: "ibtmp1"
2024-07-13 13:55:14 0 [Note] InnoDB: Creating shared tablespace for temporary tables
2024-07-13 13:55:14 0 [Note] InnoDB: Setting file '\xampp\mysql\data\ibtmp1' size to 12 MB. Physically writing the file full; Please wait ...
2024-07-13 13:55:14 0 [Note] InnoDB: File '\xampp\mysql\data\ibtmp1' size is now 12 MB.
2024-07-13 13:55:14 0 [Note] InnoDB: Waiting for purge to start
2024-07-13 13:55:14 0 [Note] InnoDB: 10.4.32 started; log sequence number 300333; transaction id 170
2024-07-13 13:55:14 0 [Note] InnoDB: Loading buffer pool(s) from C:\xampp\mysql\data\ib_buffer_pool
2024-07-13 13:55:14 0 [Note] Plugin 'FEEDBACK' is disabled.
2024-07-13 13:55:14 0 [Note] InnoDB: Buffer pool(s) load completed at 240713 13:55:14
2024-07-13 13:55:14 0 [Note] Server socket created on IP: '::'.
2024-07-13 13:57:15 0 [Note] Starting MariaDB 10.4.32-MariaDB source revision c4143f909528e3fab0677a28631d10389354c491 as process 15012
2024-07-13 13:57:15 0 [Note] InnoDB: Mutexes and rw_locks use Windows interlocked functions
2024-07-13 13:57:15 0 [Note] InnoDB: Uses event mutexes
2024-07-13 13:57:15 0 [Note] InnoDB: Compressed tables use zlib 1.3
2024-07-13 13:57:15 0 [Note] InnoDB: Number of pools: 1
2024-07-13 13:57:15 0 [Note] InnoDB: Using SSE2 crc32 instructions
2024-07-13 13:57:15 0 [Note] InnoDB: Initializing buffer pool, total size = 16M, instances = 1, chunk size = 16M
2024-07-13 13:57:15 0 [Note] InnoDB: Completed initialization of buffer pool
2024-07-13 13:57:15 0 [Note] InnoDB: Starting crash recovery from checkpoint LSN=300342
2024-07-13 13:57:16 0 [Note] InnoDB: 128 out of 128 rollback segments are active.
2024-07-13 13:57:16 0 [Note] InnoDB: Removed temporary tablespace data file: "ibtmp1"
2024-07-13 13:57:16 0 [Note] InnoDB: Creating shared tablespace for temporary tables
2024-07-13 13:57:16 0 [Note] InnoDB: Setting file 'C:\xampp\mysql\data\ibtmp1' size to 12 MB. Physically writing the file full; Please wait ...
2024-07-13 13:57:16 0 [Note] InnoDB: File 'C:\xampp\mysql\data\ibtmp1' size is now 12 MB.
2024-07-13 13:57:16 0 [Note] InnoDB: Waiting for purge to start
2024-07-13 13:57:16 0 [Note] InnoDB: 10.4.32 started; log sequence number 300351; transaction id 170
2024-07-13 13:57:16 0 [Note] InnoDB: Loading buffer pool(s) from C:\xampp\mysql\data\ib_buffer_pool
2024-07-13 13:57:16 0 [Note] Plugin 'FEEDBACK' is disabled.
2024-07-13 13:57:16 0 [Note] Server socket created on IP: '::'.
2024-07-13 13:58:13 0 [Note] Starting MariaDB 10.4.32-MariaDB source revision c4143f909528e3fab0677a28631d10389354c491 as process 3184
2024-07-13 13:58:13 0 [Note] InnoDB: Mutexes and rw_locks use Windows interlocked functions
2024-07-13 13:58:13 0 [Note] InnoDB: Uses event mutexes
2024-07-13 13:58:13 0 [Note] InnoDB: Compressed tables use zlib 1.3
2024-07-13 13:58:13 0 [Note] InnoDB: Number of pools: 1
2024-07-13 13:58:13 0 [Note] InnoDB: Using SSE2 crc32 instructions
2024-07-13 13:58:13 0 [Note] InnoDB: Initializing buffer pool, total size = 16M, instances = 1, chunk size = 16M
2024-07-13 13:58:13 0 [Note] InnoDB: Completed initialization of buffer pool
2024-07-13 13:58:13 0 [Note] InnoDB: Starting crash recovery from checkpoint LSN=300360
2024-07-13 13:58:13 0 [Note] InnoDB: 128 out of 128 rollback segments are active.
2024-07-13 13:58:13 0 [Note] InnoDB: Removed temporary tablespace data file: "ibtmp1"
2024-07-13 13:58:13 0 [Note] InnoDB: Creating shared tablespace for temporary tables
2024-07-13 13:58:13 0 [Note] InnoDB: Setting file 'C:\xampp\mysql\data\ibtmp1' size to 12 MB. Physically writing the file full; Please wait ...
2024-07-13 13:58:13 0 [Note] InnoDB: File 'C:\xampp\mysql\data\ibtmp1' size is now 12 MB.
2024-07-13 13:58:13 0 [Note] InnoDB: Waiting for purge to start
2024-07-13 13:58:13 0 [Note] InnoDB: 10.4.32 started; log sequence number 300369; transaction id 170
2024-07-13 13:58:13 0 [Note] InnoDB: Loading buffer pool(s) from C:\xampp\mysql\data\ib_buffer_pool
2024-07-13 13:58:13 0 [Note] Plugin 'FEEDBACK' is disabled.
2024-07-13 13:58:13 0 [Note] Server socket created on IP: '::'.
2024-07-13 13:58:13 0 [Note] InnoDB: Buffer pool(s) lo2024-07-13 13:59:54 0 [Note] Starting MariaDB 10.4.32-MariaDB source revision c4143f909528e3fab0677a28631d10389354c491 as process 11468
2024-07-13 13:59:54 0 [Note] InnoDB: Mutexes and rw_locks use Windows interlocked functions
2024-07-13 13:59:54 0 [Note] InnoDB: Uses event mutexes
2024-07-13 13:59:54 0 [Note] InnoDB: Compressed tables use zlib 1.3
2024-07-13 13:59:54 0 [Note] InnoDB: Number of pools: 1
2024-07-13 13:59:54 0 [Note] InnoDB: Using SSE2 crc32 instructions
2024-07-13 13:59:54 0 [Note] InnoDB: Initializing buffer pool, total size = 16M, instances = 1, chunk size = 16M
2024-07-13 13:59:54 0 [Note] InnoDB: Completed initialization of buffer pool
2024-07-13 13:59:54 0 [Note] InnoDB: Starting crash recovery from checkpoint LSN=300378
2024-07-13 13:59:54 0 [Note] InnoDB: Starting final batch to recover 1 pages from redo log.
2024-07-13 13:59:55 0 [Note] InnoDB: 128 out of 128 rollback segments are active.
2024-07-13 13:59:55 0 [Note] InnoDB: Removed temporary tablespace data file: "ibtmp1"
2024-07-13 13:59:55 0 [Note] InnoDB: Creating shared tablespace for temporary tables
2024-07-13 13:59:55 0 [Note] InnoDB: Setting file 'C:\xampp\mysql\data\ibtmp1' size to 12 MB. Physically writing the file full; Please wait ...
2024-07-13 13:59:55 0 [Note] InnoDB: File 'C:\xampp\mysql\data\ibtmp1' size is now 12 MB.
2024-07-13 13:59:55 0 [Note] InnoDB: Waiting for purge to start
2024-07-13 13:59:55 0 [Note] InnoDB: 10.4.32 started; log sequence number 300663; transaction id 193
2024-07-13 13:59:55 0 [Note] InnoDB: Loading buffer pool(s) from C:\xampp\mysql\data\ib_buffer_pool
2024-07-13 13:59:55 0 [Note] Plugin 'FEEDBACK' is disabled.
2024-07-13 13:59:55 0 [Note] InnoDB: Buffer pool(s) load completed at 240713 13:59:55
2024-07-13 13:59:55 0 [Note] Server socket created on IP: '::'.
2024-09-26 17:59:59 0 [Note] Starting MariaDB 10.4.32-MariaDB source revision c4143f909528e3fab0677a28631d10389354c491 as process 23164
2024-09-26 17:59:59 0 [Note] InnoDB: Mutexes and rw_locks use Windows interlocked functions
2024-09-26 17:59:59 0 [Note] InnoDB: Uses event mutexes
2024-09-26 17:59:59 0 [Note] InnoDB: Compressed tables use zlib 1.3
2024-09-26 17:59:59 0 [Note] InnoDB: Number of pools: 1
2024-09-26 17:59:59 0 [Note] InnoDB: Using SSE2 crc32 instructions
2024-09-26 17:59:59 0 [Note] InnoDB: Initializing buffer pool, total size = 16M, instances = 1, chunk size = 16M
2024-09-26 17:59:59 0 [Note] InnoDB: Completed initialization of buffer pool
2024-09-26 17:59:59 0 [Note] InnoDB: Starting crash recovery from checkpoint LSN=393944
2024-09-26 18:00:00 0 [Note] InnoDB: 128 out of 128 rollback segments are active.
2024-09-26 18:00:00 0 [Note] InnoDB: Removed temporary tablespace data file: "ibtmp1"
2024-09-26 18:00:00 0 [Note] InnoDB: Creating shared tablespace for temporary tables
2024-09-26 18:00:00 0 [Note] InnoDB: Setting file 'C:\xampp\mysql\data\ibtmp1' size to 12 MB. Physically writing the file full; Please wait ...
2024-09-26 18:00:00 0 [Note] InnoDB: File 'C:\xampp\mysql\data\ibtmp1' size is now 12 MB.
2024-09-26 18:00:00 0 [Note] InnoDB: Waiting for purge to start
2024-09-26 18:00:00 0 [Note] InnoDB: 10.4.32 started; log sequence number 393953; transaction id 387
2024-09-26 18:00:00 0 [Note] Plugin 'FEEDBACK' is disabled.
2024-09-26 18:00:00 0 [Note] InnoDB: Loading buffer pool(s) from C:\xampp\mysql\data\ib_buffer_pool
2024-09-26 18:00:00 0 [Note] InnoDB: Buffer pool(s) load completed at 240926 18:00:00
2024-09-26 18:00:00 0 [Note] Server socket created on IP: '::'.
2024-09-27  9:35:52 0 [Note] Starting MariaDB 10.4.32-MariaDB source revision c4143f909528e3fab0677a28631d10389354c491 as process 9332
2024-09-27  9:35:53 0 [Note] InnoDB: Mutexes and rw_locks use Windows interlocked functions
2024-09-27  9:35:53 0 [Note] InnoDB: Uses event mutexes
2024-09-27  9:35:53 0 [Note] InnoDB: Compressed tables use zlib 1.3
2024-09-27  9:35:53 0 [Note] InnoDB: Number of pools: 1
2024-09-27  9:35:53 0 [Note] InnoDB: Using SSE2 crc32 instructions
2024-09-27  9:35:53 0 [Note] InnoDB: Initializing buffer pool, total size = 16M, instances = 1, chunk size = 16M
2024-09-27  9:35:53 0 [Note] InnoDB: Completed initialization of buffer pool
2024-09-27  9:35:53 0 [Note] InnoDB: Starting crash recovery from checkpoint LSN=394279
2024-09-27  9:35:53 0 [Note] InnoDB: 128 out of 128 rollback segments are active.
2024-09-27  9:35:53 0 [Note] InnoDB: Removed temporary tablespace data file: "ibtmp1"
2024-09-27  9:35:53 0 [Note] InnoDB: Creating shared tablespace for temporary tables
2024-09-27  9:35:53 0 [Note] InnoDB: Setting file 'C:\xampp\mysql\data\ibtmp1' size to 12 MB. Physically writing the file full; Please wait ...
2024-09-27  9:35:53 0 [Note] InnoDB: File 'C:\xampp\mysql\data\ibtmp1' size is now 12 MB.
2024-09-27  9:35:53 0 [Note] InnoDB: Waiting for purge to start
2024-09-27  9:35:53 0 [Note] InnoDB: 10.4.32 started; log sequence number 394288; transaction id 410
2024-09-27  9:35:53 0 [Note] InnoDB: Loading buffer pool(s) from C:\xampp\mysql\data\ib_buffer_pool
2024-09-27  9:35:53 0 [Note] Plugin 'FEEDBACK' is disabled.
2024-09-27  9:35:53 0 [Note] InnoDB: Buffer pool(s) load completed at 240927  9:35:53
2024-09-27  9:35:53 0 [Note] Server socket created on IP: '::'.
